<?xml version="1.0" encoding="UTF-8"?>
<robot generated="20160914 15:11:13.417" generator="Robot 3.0 (Python 2.7.6 on win32)">
<suite source="C:\Users\fvrt0246\Desktop\PythonWork\Robot Framework\Scripts\MaharaProject\Login\LoginSuite.txt" id="s1" name="LoginSuite">
<test id="s1-t1" name="loginTestCases">
<kw name="Open Browser and Maxmize Window">
<kw name="Open Browser" library="Selenium2Library">
<doc>Opens a new browser instance to given URL.</doc>
<arguments>
<arg>http://demo.mahara.org/</arg>
<arg>${BROWSER}</arg>
</arguments>
<msg timestamp="20160914 15:11:13.695" level="INFO">Opening browser 'chrome' to base url 'http://demo.mahara.org/'</msg>
<status status="PASS" endtime="20160914 15:11:21.729" starttime="20160914 15:11:13.695"></status>
</kw>
<kw name="Maximize Browser Window" library="Selenium2Library">
<doc>Maximizes current browser window.</doc>
<kw name="Capture Page Screenshot" library="Selenium2Library">
<doc>Takes a screenshot of the current page and embeds it into the log.</doc>
<msg timestamp="20160914 15:11:21.979" level="FAIL">NoSuchWindowException: Message: no such window: target window already closed
from unknown error: web view not found
  (Session info: chrome=52.0.2743.116)
  (Driver info: chromedriver=2.9.248315,platform=Windows NT 6.1 SP1 x86_64)
</msg>
<status status="FAIL" endtime="20160914 15:11:21.980" starttime="20160914 15:11:21.814"></status>
</kw>
<msg timestamp="20160914 15:11:21.981" level="WARN">Keyword 'Capture Page Screenshot' could not be run on failure: NoSuchWindowException: Message: no such window: target window already closed
from unknown error: web view not found
  (Session info: chrome=52.0.2743.116)
  (Driver info: chromedriver=2.9.248315,platform=Windows NT 6.1 SP1 x86_64)
</msg>
<msg timestamp="20160914 15:11:21.987" level="FAIL">WebDriverException: Message: unknown error: cannot get automation extension
from disconnected: Unable to receive message from renderer
  (Session info: chrome=52.0.2743.116)
  (Driver info: chromedriver=2.9.248315,platform=Windows NT 6.1 SP1 x86_64)
</msg>
<status status="FAIL" endtime="20160914 15:11:21.988" starttime="20160914 15:11:21.729"></status>
</kw>
<status status="FAIL" endtime="20160914 15:11:21.988" starttime="20160914 15:11:13.694"></status>
</kw>
<tags>
<tag>login</tag>
</tags>
<status status="FAIL" endtime="20160914 15:11:21.989" critical="yes" starttime="20160914 15:11:13.693">WebDriverException: Message: unknown error: cannot get automation extension
from disconnected: Unable to receive message from renderer
  (Session info: chrome=52.0.2743.116)
  (Driver info: chromedriver=2.9.248315,platform=Windows NT 6.1 SP1 x86_64)
</status>
</test>
<metadata>
<item name="Executed at">CAI-FVRT0246</item>
<item name="Executed By">FVRT0246</item>
<item name="Test Framework">Robot Framework</item>
</metadata>
<status status="FAIL" endtime="20160914 15:11:21.994" starttime="20160914 15:11:13.422"></status>
</suite>
<statistics>
<total>
<stat fail="1" pass="0">Critical Tests</stat>
<stat fail="1" pass="0">All Tests</stat>
</total>
<tag>
<stat fail="1" pass="0">login</stat>
</tag>
<suite>
<stat fail="1" id="s1" name="LoginSuite" pass="0">LoginSuite</stat>
</suite>
</statistics>
<errors>
<msg timestamp="20160914 15:11:13.687" level="ERROR">Error in file 'C:\Users\fvrt0246\Desktop\PythonWork\Robot Framework\Scripts\MaharaProject\Login\LoginSuite.txt': Unsupported file format 'py'.</msg>
<msg timestamp="20160914 15:11:13.690" level="ERROR">Error in file 'C:\Users\fvrt0246\Desktop\PythonWork\Robot Framework\Scripts\MaharaProject\Login\LoginSuite.txt': Importing test library 'ExcelUtility' failed: ImportError: No module named ExcelUtility
Traceback (most recent call last):
  None
PYTHONPATH:
  C:\Python27\python27.zip
  C:\Python27\DLLs
  C:\Python27\lib
  C:\Python27\lib\plat-win
  C:\Python27\lib\lib-tk
  C:\Python27
  C:\Python27\lib\site-packages
  C:\Python27\lib\site-packages\selenium-2.53.1-py2.7.egg
  C:\Python27\lib\site-packages\setuptools-25.2.0-py2.7.egg
  C:\Python27\lib\site-packages\win32
  C:\Python27\lib\site-packages\win32\lib
  C:\Python27\lib\site-packages\Pythonwin
  C:\Python27\lib\site-packages\wx-2.8-msw-unicode</msg>
<msg timestamp="20160914 15:11:21.981" level="WARN">Keyword 'Capture Page Screenshot' could not be run on failure: NoSuchWindowException: Message: no such window: target window already closed
from unknown error: web view not found
  (Session info: chrome=52.0.2743.116)
  (Driver info: chromedriver=2.9.248315,platform=Windows NT 6.1 SP1 x86_64)
</msg>
</errors>
</robot>
